----------------------------------------------------------------
Wed Jan 25 21:24:56 CET 2017:
Booting Derby version The Apache Software Foundation - Apache Derby - 10.12.1.1 - (1704137): instance a816c00e-0159-d74d-7b78-000007b7c188 
on database directory /home/tim/eclipseWS_NEON/calandartool/src/main/resources/dates with class loader sun.misc.Launcher$AppClassLoader@63947c6b 
Loaded from file:/home/tim/.m2/repository/org/apache/derby/derby/10.12.1.1/derby-10.12.1.1.jar
java.vendor=Oracle Corporation
java.runtime.version=1.8.0_111-8u111-b14-2ubuntu0.16.04.2-b14
user.dir=/home/tim/eclipseWS_NEON/calandartool
os.name=Linux
os.arch=amd64
os.version=4.4.0-59-generic
derby.system.home=null
Database Class Loader started - derby.database.classpath=''
Wed Jan 25 21:25:00 CET 2017 Thread[main,5,main] (XID = 78200), (SESSIONID = 1), (DATABASE = /home/tim/eclipseWS_NEON/calandartool/src/main/resources/dates), (DRDAID = null), Cleanup action starting
Wed Jan 25 21:25:00 CET 2017 Thread[main,5,main] (XID = 78200), (SESSIONID = 1), (DATABASE = /home/tim/eclipseWS_NEON/calandartool/src/main/resources/dates), (DRDAID = null), Failed Statement is: null
java.lang.ArrayIndexOutOfBoundsException: -1
	at java.util.ArrayList.elementData(ArrayList.java:418)
	at java.util.ArrayList.remove(ArrayList.java:495)
	at org.apache.derby.iapi.services.context.ContextManager.popContext(Unknown Source)
	at org.apache.derby.iapi.services.context.ContextImpl.popMe(Unknown Source)
	at org.apache.derby.impl.store.access.RAMTransaction.destroy(Unknown Source)
	at org.apache.derby.impl.sql.conn.GenericLanguageConnectionContext.doRollback(Unknown Source)
	at org.apache.derby.impl.sql.conn.GenericLanguageConnectionContext.userRollback(Unknown Source)
	at org.apache.derby.impl.jdbc.TransactionResourceImpl.rollback(Unknown Source)
	at org.apache.derby.impl.jdbc.EmbedConnection.close(Unknown Source)
	at org.apache.derby.impl.jdbc.EmbedConnection.close(Unknown Source)
	at org.hibernate.engine.jdbc.connections.internal.PooledConnections.close(PooledConnections.java:82)
	at org.hibernate.engine.jdbc.connections.internal.DriverManagerConnectionProviderImpl.stop(DriverManagerConnectionProviderImpl.java:245)
	at org.hibernate.service.internal.AbstractServiceRegistryImpl.stopService(AbstractServiceRegistryImpl.java:360)
	at org.hibernate.service.internal.AbstractServiceRegistryImpl.destroy(AbstractServiceRegistryImpl.java:344)
	at org.hibernate.service.internal.AbstractServiceRegistryImpl.deRegisterChild(AbstractServiceRegistryImpl.java:393)
	at org.hibernate.service.internal.AbstractServiceRegistryImpl.destroy(AbstractServiceRegistryImpl.java:351)
	at org.hibernate.jpa.boot.internal.EntityManagerFactoryBuilderImpl$ServiceRegistryCloser.sessionFactoryClosed(EntityManagerFactoryBuilderImpl.java:942)
	at org.hibernate.internal.SessionFactoryObserverChain.sessionFactoryClosed(SessionFactoryObserverChain.java:48)
	at org.hibernate.internal.SessionFactoryImpl.close(SessionFactoryImpl.java:1084)
	at org.hibernate.jpa.internal.EntityManagerFactoryImpl.close(EntityManagerFactoryImpl.java:347)
	at de.entwicklergemeinde.calendartool.persistence.derby.DerbyDbHandler.getAllDates(DerbyDbHandler.java:26)
	at de.entwicklergemeinde.calendartool.persistence.derby.DerbyDbHandlerTest.testGetAllDates(DerbyDbHandlerTest.java:18)
	at sun.reflect.NativeMethodAccessorImpl.invoke0(Native Method)
	at sun.reflect.NativeMethodAccessorImpl.invoke(NativeMethodAccessorImpl.java:62)
	at sun.reflect.DelegatingMethodAccessorImpl.invoke(DelegatingMethodAccessorImpl.java:43)
	at java.lang.reflect.Method.invoke(Method.java:498)
	at org.junit.runners.model.FrameworkMethod$1.runReflectiveCall(FrameworkMethod.java:47)
	at org.junit.internal.runners.model.ReflectiveCallable.run(ReflectiveCallable.java:12)
	at org.junit.runners.model.FrameworkMethod.invokeExplosively(FrameworkMethod.java:44)
	at org.junit.internal.runners.statements.InvokeMethod.evaluate(InvokeMethod.java:17)
	at org.junit.runners.ParentRunner.runLeaf(ParentRunner.java:271)
	at org.junit.runners.BlockJUnit4ClassRunner.runChild(BlockJUnit4ClassRunner.java:70)
	at org.junit.runners.BlockJUnit4ClassRunner.runChild(BlockJUnit4ClassRunner.java:50)
	at org.junit.runners.ParentRunner$3.run(ParentRunner.java:238)
	at org.junit.runners.ParentRunner$1.schedule(ParentRunner.java:63)
	at org.junit.runners.ParentRunner.runChildren(ParentRunner.java:236)
	at org.junit.runners.ParentRunner.access$000(ParentRunner.java:53)
	at org.junit.runners.ParentRunner$2.evaluate(ParentRunner.java:229)
	at org.junit.runners.ParentRunner.run(ParentRunner.java:309)
	at org.eclipse.jdt.internal.junit4.runner.JUnit4TestReference.run(JUnit4TestReference.java:86)
	at org.eclipse.jdt.internal.junit.runner.TestExecution.run(TestExecution.java:38)
	at org.eclipse.jdt.internal.junit.runner.RemoteTestRunner.runTests(RemoteTestRunner.java:459)
	at org.eclipse.jdt.internal.junit.runner.RemoteTestRunner.runTests(RemoteTestRunner.java:678)
	at org.eclipse.jdt.internal.junit.runner.RemoteTestRunner.run(RemoteTestRunner.java:382)
	at org.eclipse.jdt.internal.junit.runner.RemoteTestRunner.main(RemoteTestRunner.java:192)
Cleanup action completed
